<?xml version="1.0" encoding="UTF-8"?>
<!-- Generated by org.testng.reporters.JUnitReportReporter -->
<testsuite hostname="nada-emad" failures="0" tests="1" name="automationexercise.tests.AutomationExerciseTests" time="19.935" errors="0" timestamp="2023-12-10T15:11:54 EET" skipped="0">
  <testcase classname="automationexercise.tests.AutomationExerciseTests" name="verifySignUp" time="19.935"/>
</testsuite> <!-- automationexercise.tests.AutomationExerciseTests -->
